# JRE version: OpenJDK Runtime Environment Temurin-17.0.3+7 (17.0.3+7) (build 17.0.3+7)
# Java VM: OpenJDK 64-Bit Server VM Temurin-17.0.3+7 (17.0.3+7, mixed mode, sharing, tiered, compressed oops, compressed class ptrs, g1 gc, windows-amd64)
GC Precious Log:
 CPUs: 12 total, 12 available
 Memory: 7521M
 Large Page Support: Disabled
 NUMA Support: Disabled
 Compressed Oops: Enabled (32-bit)
 Heap Region Size: 1M
 Heap Min Capacity: 8M
 Heap Initial Capacity: 118M
 Heap Max Capacity: 2G
 Pre-touch: Disabled
 Parallel Workers: 10
 Concurrent Workers: 3
 Concurrent Refinement Workers: 10
 Periodic GC: Disabled
Heap:
 garbage-first heap   total 285696K, used 211900K [0x0000000080000000, 0x0000000100000000)
  region size 1024K, 9 young (9216K), 6 survivors (6144K)
 Metaspace       used 111687K, committed 113472K, reserved 520192K
  class space    used 15534K, committed 16384K, reserved 421888K
GC Heap History (20 events):
Event: 70.676 GC heap before
{Heap before GC invocations=72 (full 0):
 garbage-first heap   total 285696K, used 175071K [0x0000000080000000, 0x0000000100000000)
  region size 1024K, 13 young (13312K), 3 survivors (3072K)
 Metaspace       used 106553K, committed 108032K, reserved 520192K
  class space    used 14950K, committed 15616K, reserved 421888K
}
Event: 70.683 GC heap after
{Heap after GC invocations=73 (full 0):
 garbage-first heap   total 285696K, used 165367K [0x0000000080000000, 0x0000000100000000)
  region size 1024K, 2 young (2048K), 2 survivors (2048K)
 Metaspace       used 106553K, committed 108032K, reserved 520192K
  class space    used 14950K, committed 15616K, reserved 421888K
}
Event: 71.185 GC heap before
{Heap before GC invocations=73 (full 0):
 garbage-first heap   total 285696K, used 224759K [0x0000000080000000, 0x0000000100000000)
  region size 1024K, 60 young (61440K), 2 survivors (2048K)
 Metaspace       used 106710K, committed 108160K, reserved 520192K
  class space    used 14958K, committed 15616K, reserved 421888K
}
Event: 71.192 GC heap after
{Heap after GC invocations=74 (full 0):
 garbage-first heap   total 285696K, used 169656K [0x0000000080000000, 0x0000000100000000)
  region size 1024K, 6 young (6144K), 6 survivors (6144K)
 Metaspace       used 106710K, committed 108160K, reserved 520192K
  class space    used 14958K, committed 15616K, reserved 421888K
}
Event: 72.178 GC heap before
{Heap before GC invocations=74 (full 0):
 garbage-first heap   total 285696K, used 229048K [0x0000000080000000, 0x0000000100000000)
  region size 1024K, 64 young (65536K), 6 survivors (6144K)
 Metaspace       used 107086K, committed 108544K, reserved 520192K
  class space    used 15010K, committed 15680K, reserved 421888K
}
Event: 72.191 GC heap after
{Heap after GC invocations=75 (full 0):
 garbage-first heap   total 285696K, used 178051K [0x0000000080000000, 0x0000000100000000)
  region size 1024K, 8 young (8192K), 8 survivors (8192K)
 Metaspace       used 107086K, committed 108544K, reserved 520192K
  class space    used 15010K, committed 15680K, reserved 421888K
}
Event: 72.958 GC heap before
{Heap before GC invocations=75 (full 0):
 garbage-first heap   total 285696K, used 232323K [0x0000000080000000, 0x0000000100000000)
  region size 1024K, 61 young (62464K), 8 survivors (8192K)
 Metaspace       used 107402K, committed 109056K, reserved 520192K
  class space    used 15055K, committed 15808K, reserved 421888K
}
Event: 72.966 GC heap after
{Heap after GC invocations=76 (full 0):
 garbage-first heap   total 285696K, used 183883K [0x0000000080000000, 0x0000000100000000)
  region size 1024K, 6 young (6144K), 6 survivors (6144K)
 Metaspace       used 107402K, committed 109056K, reserved 520192K
  class space    used 15055K, committed 15808K, reserved 421888K
}
Event: 74.192 GC heap before
{Heap before GC invocations=76 (full 0):
 garbage-first heap   total 285696K, used 235083K [0x0000000080000000, 0x0000000100000000)
  region size 1024K, 56 young (57344K), 6 survivors (6144K)
 Metaspace       used 109538K, committed 111104K, reserved 520192K
  class space    used 15318K, committed 16064K, reserved 421888K
}
Event: 74.199 GC heap after
{Heap after GC invocations=77 (full 0):
 garbage-first heap   total 285696K, used 187452K [0x0000000080000000, 0x0000000100000000)
  region size 1024K, 4 young (4096K), 4 survivors (4096K)
 Metaspace       used 109538K, committed 111104K, reserved 520192K
  class space    used 15318K, committed 16064K, reserved 421888K
}
Event: 75.846 GC heap before
{Heap before GC invocations=77 (full 0):
 garbage-first heap   total 285696K, used 236604K [0x0000000080000000, 0x0000000100000000)
  region size 1024K, 53 young (54272K), 4 survivors (4096K)
 Metaspace       used 110246K, committed 111872K, reserved 520192K
  class space    used 15424K, committed 16192K, reserved 421888K
}
Event: 75.853 GC heap after
{Heap after GC invocations=78 (full 0):
 garbage-first heap   total 285696K, used 190007K [0x0000000080000000, 0x0000000100000000)
  region size 1024K, 7 young (7168K), 7 survivors (7168K)
 Metaspace       used 110246K, committed 111872K, reserved 520192K
  class space    used 15424K, committed 16192K, reserved 421888K
}
Event: 77.799 GC heap before
{Heap before GC invocations=78 (full 0):
 garbage-first heap   total 285696K, used 238135K [0x0000000080000000, 0x0000000100000000)
  region size 1024K, 55 young (56320K), 7 survivors (7168K)
 Metaspace       used 110784K, committed 112448K, reserved 520192K
  class space    used 15472K, committed 16256K, reserved 421888K
}
Event: 77.809 GC heap after
{Heap after GC invocations=79 (full 0):
 garbage-first heap   total 285696K, used 194021K [0x0000000080000000, 0x0000000100000000)
  region size 1024K, 7 young (7168K), 7 survivors (7168K)
 Metaspace       used 110784K, committed 112448K, reserved 520192K
  class space    used 15472K, committed 16256K, reserved 421888K
}
Event: 79.814 GC heap before
{Heap before GC invocations=79 (full 0):
 garbage-first heap   total 285696K, used 243173K [0x0000000080000000, 0x0000000100000000)
  region size 1024K, 54 young (55296K), 7 survivors (7168K)
 Metaspace       used 111129K, committed 112832K, reserved 520192K
  class space    used 15485K, committed 16320K, reserved 421888K
}
Event: 79.824 GC heap after
{Heap after GC invocations=80 (full 0):
 garbage-first heap   total 285696K, used 198081K [0x0000000080000000, 0x0000000100000000)
  region size 1024K, 5 young (5120K), 5 survivors (5120K)
 Metaspace       used 111129K, committed 112832K, reserved 520192K
  class space    used 15485K, committed 16320K, reserved 421888K
}
Event: 82.900 GC heap before
{Heap before GC invocations=80 (full 0):
 garbage-first heap   total 285696K, used 242113K [0x0000000080000000, 0x0000000100000000)
  region size 1024K, 48 young (49152K), 5 survivors (5120K)
 Metaspace       used 111211K, committed 112960K, reserved 520192K
  class space    used 15496K, committed 16320K, reserved 421888K
}
Event: 82.906 GC heap after
{Heap after GC invocations=81 (full 0):
 garbage-first heap   total 285696K, used 202428K [0x0000000080000000, 0x0000000100000000)
  region size 1024K, 5 young (5120K), 5 survivors (5120K)
 Metaspace       used 111211K, committed 112960K, reserved 520192K
  class space    used 15496K, committed 16320K, reserved 421888K
}
Event: 84.695 GC heap before
{Heap before GC invocations=81 (full 0):
 garbage-first heap   total 285696K, used 243388K [0x0000000080000000, 0x0000000100000000)
  region size 1024K, 45 young (46080K), 5 survivors (5120K)
 Metaspace       used 111331K, committed 113088K, reserved 520192K
  class space    used 15500K, committed 16320K, reserved 421888K
}
Event: 84.701 GC heap after
{Heap after GC invocations=82 (full 0):
 garbage-first heap   total 285696K, used 205674K [0x0000000080000000, 0x0000000100000000)
  region size 1024K, 4 young (4096K), 4 survivors (4096K)
 Metaspace       used 111331K, committed 113088K, reserved 520192K
  class space    used 15500K, committed 16320K, reserved 421888K
}

