# JRE version: OpenJDK Runtime Environment Temurin-17.0.3+7 (17.0.3+7) (build 17.0.3+7)
# Java VM: OpenJDK 64-Bit Server VM Temurin-17.0.3+7 (17.0.3+7, mixed mode, sharing, tiered, compressed oops, compressed class ptrs, g1 gc, windows-amd64)
GC Precious Log:
 CPUs: 12 total, 12 available
 Memory: 7521M
 Large Page Support: Disabled
 NUMA Support: Disabled
 Compressed Oops: Enabled (32-bit)
 Heap Region Size: 1M
 Heap Min Capacity: 8M
 Heap Initial Capacity: 118M
 Heap Max Capacity: 2G
 Pre-touch: Disabled
 Parallel Workers: 10
 Concurrent Workers: 3
 Concurrent Refinement Workers: 10
 Periodic GC: Disabled
Heap:
 garbage-first heap   total 92160K, used 64561K [0x0000000080000000, 0x0000000100000000)
  region size 1024K, 22 young (22528K), 4 survivors (4096K)
 Metaspace       used 59079K, committed 59776K, reserved 479232K
  class space    used 8248K, committed 8576K, reserved 421888K
GC Heap History (20 events):
Event: 8.296 GC heap before
{Heap before GC invocations=7 (full 0):
 garbage-first heap   total 92160K, used 69872K [0x0000000080000000, 0x0000000100000000)
  region size 1024K, 47 young (48128K), 7 survivors (7168K)
 Metaspace       used 33984K, committed 34496K, reserved 454656K
  class space    used 4870K, committed 5120K, reserved 421888K
}
Event: 8.304 GC heap after
{Heap after GC invocations=8 (full 0):
 garbage-first heap   total 92160K, used 31909K [0x0000000080000000, 0x0000000100000000)
  region size 1024K, 4 young (4096K), 4 survivors (4096K)
 Metaspace       used 33984K, committed 34496K, reserved 454656K
  class space    used 4870K, committed 5120K, reserved 421888K
}
Event: 8.572 GC heap before
{Heap before GC invocations=8 (full 0):
 garbage-first heap   total 92160K, used 41125K [0x0000000080000000, 0x0000000100000000)
  region size 1024K, 15 young (15360K), 4 survivors (4096K)
 Metaspace       used 35667K, committed 36096K, reserved 454656K
  class space    used 5058K, committed 5312K, reserved 421888K
}
Event: 8.576 GC heap after
{Heap after GC invocations=9 (full 0):
 garbage-first heap   total 92160K, used 33287K [0x0000000080000000, 0x0000000100000000)
  region size 1024K, 5 young (5120K), 5 survivors (5120K)
 Metaspace       used 35667K, committed 36096K, reserved 454656K
  class space    used 5058K, committed 5312K, reserved 421888K
}
Event: 9.520 GC heap before
{Heap before GC invocations=10 (full 0):
 garbage-first heap   total 92160K, used 74247K [0x0000000080000000, 0x0000000100000000)
  region size 1024K, 41 young (41984K), 5 survivors (5120K)
 Metaspace       used 38072K, committed 38592K, reserved 462848K
  class space    used 5273K, committed 5504K, reserved 421888K
}
Event: 9.526 GC heap after
{Heap after GC invocations=11 (full 0):
 garbage-first heap   total 92160K, used 36554K [0x0000000080000000, 0x0000000100000000)
  region size 1024K, 5 young (5120K), 5 survivors (5120K)
 Metaspace       used 38072K, committed 38592K, reserved 462848K
  class space    used 5273K, committed 5504K, reserved 421888K
}
Event: 10.213 GC heap before
{Heap before GC invocations=11 (full 0):
 garbage-first heap   total 92160K, used 71370K [0x0000000080000000, 0x0000000100000000)
  region size 1024K, 39 young (39936K), 5 survivors (5120K)
 Metaspace       used 39810K, committed 40320K, reserved 462848K
  class space    used 5554K, committed 5824K, reserved 421888K
}
Event: 10.218 GC heap after
{Heap after GC invocations=12 (full 0):
 garbage-first heap   total 92160K, used 38459K [0x0000000080000000, 0x0000000100000000)
  region size 1024K, 2 young (2048K), 2 survivors (2048K)
 Metaspace       used 39810K, committed 40320K, reserved 462848K
  class space    used 5554K, committed 5824K, reserved 421888K
}
Event: 10.984 GC heap before
{Heap before GC invocations=12 (full 0):
 garbage-first heap   total 92160K, used 73275K [0x0000000080000000, 0x0000000100000000)
  region size 1024K, 36 young (36864K), 2 survivors (2048K)
 Metaspace       used 42637K, committed 43264K, reserved 462848K
  class space    used 5991K, committed 6272K, reserved 421888K
}
Event: 10.988 GC heap after
{Heap after GC invocations=13 (full 0):
 garbage-first heap   total 92160K, used 39521K [0x0000000080000000, 0x0000000100000000)
  region size 1024K, 3 young (3072K), 3 survivors (3072K)
 Metaspace       used 42637K, committed 43264K, reserved 462848K
  class space    used 5991K, committed 6272K, reserved 421888K
}
Event: 11.809 GC heap before
{Heap before GC invocations=13 (full 0):
 garbage-first heap   total 92160K, used 74337K [0x0000000080000000, 0x0000000100000000)
  region size 1024K, 37 young (37888K), 3 survivors (3072K)
 Metaspace       used 47177K, committed 47744K, reserved 462848K
  class space    used 6593K, committed 6848K, reserved 421888K
}
Event: 11.814 GC heap after
{Heap after GC invocations=14 (full 0):
 garbage-first heap   total 92160K, used 42289K [0x0000000080000000, 0x0000000100000000)
  region size 1024K, 5 young (5120K), 5 survivors (5120K)
 Metaspace       used 47177K, committed 47744K, reserved 462848K
  class space    used 6593K, committed 6848K, reserved 421888K
}
Event: 13.212 GC heap before
{Heap before GC invocations=14 (full 0):
 garbage-first heap   total 92160K, used 74033K [0x0000000080000000, 0x0000000100000000)
  region size 1024K, 35 young (35840K), 5 survivors (5120K)
 Metaspace       used 50664K, committed 51264K, reserved 471040K
  class space    used 7013K, committed 7296K, reserved 421888K
}
Event: 13.217 GC heap after
{Heap after GC invocations=15 (full 0):
 garbage-first heap   total 92160K, used 43786K [0x0000000080000000, 0x0000000100000000)
  region size 1024K, 2 young (2048K), 2 survivors (2048K)
 Metaspace       used 50664K, committed 51264K, reserved 471040K
  class space    used 7013K, committed 7296K, reserved 421888K
}
Event: 13.897 GC heap before
{Heap before GC invocations=15 (full 0):
 garbage-first heap   total 92160K, used 74506K [0x0000000080000000, 0x0000000100000000)
  region size 1024K, 32 young (32768K), 2 survivors (2048K)
 Metaspace       used 53899K, committed 54528K, reserved 471040K
  class space    used 7461K, committed 7808K, reserved 421888K
}
Event: 13.900 GC heap after
{Heap after GC invocations=16 (full 0):
 garbage-first heap   total 92160K, used 44357K [0x0000000080000000, 0x0000000100000000)
  region size 1024K, 3 young (3072K), 3 survivors (3072K)
 Metaspace       used 53899K, committed 54528K, reserved 471040K
  class space    used 7461K, committed 7808K, reserved 421888K
}
Event: 14.591 GC heap before
{Heap before GC invocations=17 (full 0):
 garbage-first heap   total 92160K, used 75077K [0x0000000080000000, 0x0000000100000000)
  region size 1024K, 33 young (33792K), 3 survivors (3072K)
 Metaspace       used 56666K, committed 57280K, reserved 479232K
  class space    used 7900K, committed 8192K, reserved 421888K
}
Event: 14.596 GC heap after
{Heap after GC invocations=18 (full 0):
 garbage-first heap   total 92160K, used 46511K [0x0000000080000000, 0x0000000100000000)
  region size 1024K, 5 young (5120K), 5 survivors (5120K)
 Metaspace       used 56666K, committed 57280K, reserved 479232K
  class space    used 7900K, committed 8192K, reserved 421888K
}
Event: 15.729 GC heap before
{Heap before GC invocations=18 (full 0):
 garbage-first heap   total 92160K, used 75183K [0x0000000080000000, 0x0000000100000000)
  region size 1024K, 33 young (33792K), 5 survivors (5120K)
 Metaspace       used 58685K, committed 59456K, reserved 479232K
  class space    used 8222K, committed 8576K, reserved 421888K
}
Event: 15.736 GC heap after
{Heap after GC invocations=19 (full 0):
 garbage-first heap   total 92160K, used 48177K [0x0000000080000000, 0x0000000100000000)
  region size 1024K, 4 young (4096K), 4 survivors (4096K)
 Metaspace       used 58685K, committed 59456K, reserved 479232K
  class space    used 8222K, committed 8576K, reserved 421888K
}

