# JRE version: OpenJDK Runtime Environment Temurin-21.0.6+7 (21.0.6+7) (build 21.0.6+7-LTS)
# Java VM: OpenJDK 64-Bit Server VM Temurin-21.0.6+7 (21.0.6+7-LTS, mixed mode, sharing, tiered, compressed oops, compressed class ptrs, parallel gc, windows-amd64)
GC Precious Log:
 CardTable entry size: 512
 CPUs: 12 total, 12 available
 Memory: 7521M
 Large Page Support: Disabled
 NUMA Support: Disabled
 Compressed Oops: Enabled (32-bit)
 Alignments: Space 512K, Generation 512K, Heap 2M
 Heap Min Capacity: 100M
 Heap Initial Capacity: 100M
 Heap Max Capacity: 1G
 Pre-touch: Disabled
 Parallel Workers: 10
Heap:
 PSYoungGen      total 4096K, used 499K [0x00000000eab00000, 0x00000000eb000000, 0x0000000100000000)
  eden space 3584K, 7% used [0x00000000eab00000,0x00000000eab44e68,0x00000000eae80000)
  from space 512K, 43% used [0x00000000eaf80000,0x00000000eafb8000,0x00000000eb000000)
  to   space 512K, 0% used [0x00000000eaf00000,0x00000000eaf00000,0x00000000eaf80000)
 ParOldGen       total 409088K, used 193993K [0x00000000c0000000, 0x00000000d8f80000, 0x00000000eab00000)
  object space 409088K, 47% used [0x00000000c0000000,0x00000000cbd72548,0x00000000d8f80000)
 Metaspace       used 67620K, committed 69056K, reserved 1114112K
  class space    used 8199K, committed 8832K, reserved 1048576K
GC Heap History (20 events):
Event: 70.978 GC heap before
{Heap before GC invocations=434 (full 3):
 PSYoungGen      total 4608K, used 4175K [0x00000000eab00000, 0x00000000eb080000, 0x0000000100000000)
  eden space 3584K, 100% used [0x00000000eab00000,0x00000000eae80000,0x00000000eae80000)
  from space 1024K, 57% used [0x00000000eaf80000,0x00000000eb013eb0,0x00000000eb080000)
  to   space 1024K, 0% used [0x00000000eae80000,0x00000000eae80000,0x00000000eaf80000)
 ParOldGen       total 409088K, used 192432K [0x00000000c0000000, 0x00000000d8f80000, 0x00000000eab00000)
  object space 409088K, 47% used [0x00000000c0000000,0x00000000cbbec1c8,0x00000000d8f80000)
 Metaspace       used 65957K, committed 67328K, reserved 1114112K
  class space    used 7991K, committed 8576K, reserved 1048576K
}
Event: 70.979 GC heap after
{Heap after GC invocations=434 (full 3):
 PSYoungGen      total 4608K, used 279K [0x00000000eab00000, 0x00000000eb000000, 0x0000000100000000)
  eden space 3584K, 0% used [0x00000000eab00000,0x00000000eab00000,0x00000000eae80000)
  from space 1024K, 27% used [0x00000000eae80000,0x00000000eaec5dc8,0x00000000eaf80000)
  to   space 512K, 0% used [0x00000000eaf80000,0x00000000eaf80000,0x00000000eb000000)
 ParOldGen       total 409088K, used 192905K [0x00000000c0000000, 0x00000000d8f80000, 0x00000000eab00000)
  object space 409088K, 47% used [0x00000000c0000000,0x00000000cbc624c8,0x00000000d8f80000)
 Metaspace       used 65957K, committed 67328K, reserved 1114112K
  class space    used 7991K, committed 8576K, reserved 1048576K
}
Event: 71.009 GC heap before
{Heap before GC invocations=435 (full 3):
 PSYoungGen      total 4608K, used 3863K [0x00000000eab00000, 0x00000000eb000000, 0x0000000100000000)
  eden space 3584K, 100% used [0x00000000eab00000,0x00000000eae80000,0x00000000eae80000)
  from space 1024K, 27% used [0x00000000eae80000,0x00000000eaec5dc8,0x00000000eaf80000)
  to   space 512K, 0% used [0x00000000eaf80000,0x00000000eaf80000,0x00000000eb000000)
 ParOldGen       total 409088K, used 192905K [0x00000000c0000000, 0x00000000d8f80000, 0x00000000eab00000)
  object space 409088K, 47% used [0x00000000c0000000,0x00000000cbc624c8,0x00000000d8f80000)
 Metaspace       used 65957K, committed 67328K, reserved 1114112K
  class space    used 7991K, committed 8576K, reserved 1048576K
}
Event: 71.010 GC heap after
{Heap after GC invocations=435 (full 3):
 PSYoungGen      total 4096K, used 403K [0x00000000eab00000, 0x00000000eb000000, 0x0000000100000000)
  eden space 3584K, 0% used [0x00000000eab00000,0x00000000eab00000,0x00000000eae80000)
  from space 512K, 78% used [0x00000000eaf80000,0x00000000eafe4e58,0x00000000eb000000)
  to   space 512K, 0% used [0x00000000eaf00000,0x00000000eaf00000,0x00000000eaf80000)
 ParOldGen       total 409088K, used 192985K [0x00000000c0000000, 0x00000000d8f80000, 0x00000000eab00000)
  object space 409088K, 47% used [0x00000000c0000000,0x00000000cbc764c8,0x00000000d8f80000)
 Metaspace       used 65957K, committed 67328K, reserved 1114112K
  class space    used 7991K, committed 8576K, reserved 1048576K
}
Event: 71.048 GC heap before
{Heap before GC invocations=436 (full 3):
 PSYoungGen      total 4096K, used 3987K [0x00000000eab00000, 0x00000000eb000000, 0x0000000100000000)
  eden space 3584K, 100% used [0x00000000eab00000,0x00000000eae80000,0x00000000eae80000)
  from space 512K, 78% used [0x00000000eaf80000,0x00000000eafe4e58,0x00000000eb000000)
  to   space 512K, 0% used [0x00000000eaf00000,0x00000000eaf00000,0x00000000eaf80000)
 ParOldGen       total 409088K, used 192985K [0x00000000c0000000, 0x00000000d8f80000, 0x00000000eab00000)
  object space 409088K, 47% used [0x00000000c0000000,0x00000000cbc764c8,0x00000000d8f80000)
 Metaspace       used 65957K, committed 67328K, reserved 1114112K
  class space    used 7991K, committed 8576K, reserved 1048576K
}
Event: 71.049 GC heap after
{Heap after GC invocations=436 (full 3):
 PSYoungGen      total 4096K, used 320K [0x00000000eab00000, 0x00000000eb000000, 0x0000000100000000)
  eden space 3584K, 0% used [0x00000000eab00000,0x00000000eab00000,0x00000000eae80000)
  from space 512K, 62% used [0x00000000eaf00000,0x00000000eaf50000,0x00000000eaf80000)
  to   space 512K, 0% used [0x00000000eaf80000,0x00000000eaf80000,0x00000000eb000000)
 ParOldGen       total 409088K, used 193057K [0x00000000c0000000, 0x00000000d8f80000, 0x00000000eab00000)
  object space 409088K, 47% used [0x00000000c0000000,0x00000000cbc884d8,0x00000000d8f80000)
 Metaspace       used 65957K, committed 67328K, reserved 1114112K
  class space    used 7991K, committed 8576K, reserved 1048576K
}
Event: 71.112 GC heap before
{Heap before GC invocations=437 (full 3):
 PSYoungGen      total 4096K, used 3904K [0x00000000eab00000, 0x00000000eb000000, 0x0000000100000000)
  eden space 3584K, 100% used [0x00000000eab00000,0x00000000eae80000,0x00000000eae80000)
  from space 512K, 62% used [0x00000000eaf00000,0x00000000eaf50000,0x00000000eaf80000)
  to   space 512K, 0% used [0x00000000eaf80000,0x00000000eaf80000,0x00000000eb000000)
 ParOldGen       total 409088K, used 193057K [0x00000000c0000000, 0x00000000d8f80000, 0x00000000eab00000)
  object space 409088K, 47% used [0x00000000c0000000,0x00000000cbc884d8,0x00000000d8f80000)
 Metaspace       used 66225K, committed 67648K, reserved 1114112K
  class space    used 8042K, committed 8640K, reserved 1048576K
}
Event: 71.113 GC heap after
{Heap after GC invocations=437 (full 3):
 PSYoungGen      total 4096K, used 288K [0x00000000eab00000, 0x00000000eb000000, 0x0000000100000000)
  eden space 3584K, 0% used [0x00000000eab00000,0x00000000eab00000,0x00000000eae80000)
  from space 512K, 56% used [0x00000000eaf80000,0x00000000eafc8000,0x00000000eb000000)
  to   space 512K, 0% used [0x00000000eaf00000,0x00000000eaf00000,0x00000000eaf80000)
 ParOldGen       total 409088K, used 193145K [0x00000000c0000000, 0x00000000d8f80000, 0x00000000eab00000)
  object space 409088K, 47% used [0x00000000c0000000,0x00000000cbc9e4d8,0x00000000d8f80000)
 Metaspace       used 66225K, committed 67648K, reserved 1114112K
  class space    used 8042K, committed 8640K, reserved 1048576K
}
Event: 71.229 GC heap before
{Heap before GC invocations=438 (full 3):
 PSYoungGen      total 4096K, used 3872K [0x00000000eab00000, 0x00000000eb000000, 0x0000000100000000)
  eden space 3584K, 100% used [0x00000000eab00000,0x00000000eae80000,0x00000000eae80000)
  from space 512K, 56% used [0x00000000eaf80000,0x00000000eafc8000,0x00000000eb000000)
  to   space 512K, 0% used [0x00000000eaf00000,0x00000000eaf00000,0x00000000eaf80000)
 ParOldGen       total 409088K, used 193145K [0x00000000c0000000, 0x00000000d8f80000, 0x00000000eab00000)
  object space 409088K, 47% used [0x00000000c0000000,0x00000000cbc9e4d8,0x00000000d8f80000)
 Metaspace       used 66639K, committed 68032K, reserved 1114112K
  class space    used 8102K, committed 8704K, reserved 1048576K
}
Event: 71.231 GC heap after
{Heap after GC invocations=438 (full 3):
 PSYoungGen      total 4096K, used 352K [0x00000000eab00000, 0x00000000eb000000, 0x0000000100000000)
  eden space 3584K, 0% used [0x00000000eab00000,0x00000000eab00000,0x00000000eae80000)
  from space 512K, 68% used [0x00000000eaf00000,0x00000000eaf58010,0x00000000eaf80000)
  to   space 512K, 0% used [0x00000000eaf80000,0x00000000eaf80000,0x00000000eb000000)
 ParOldGen       total 409088K, used 193297K [0x00000000c0000000, 0x00000000d8f80000, 0x00000000eab00000)
  object space 409088K, 47% used [0x00000000c0000000,0x00000000cbcc44d8,0x00000000d8f80000)
 Metaspace       used 66639K, committed 68032K, reserved 1114112K
  class space    used 8102K, committed 8704K, reserved 1048576K
}
Event: 71.374 GC heap before
{Heap before GC invocations=439 (full 3):
 PSYoungGen      total 4096K, used 3936K [0x00000000eab00000, 0x00000000eb000000, 0x0000000100000000)
  eden space 3584K, 100% used [0x00000000eab00000,0x00000000eae80000,0x00000000eae80000)
  from space 512K, 68% used [0x00000000eaf00000,0x00000000eaf58010,0x00000000eaf80000)
  to   space 512K, 0% used [0x00000000eaf80000,0x00000000eaf80000,0x00000000eb000000)
 ParOldGen       total 409088K, used 193297K [0x00000000c0000000, 0x00000000d8f80000, 0x00000000eab00000)
  object space 409088K, 47% used [0x00000000c0000000,0x00000000cbcc44d8,0x00000000d8f80000)
 Metaspace       used 66722K, committed 68096K, reserved 1114112K
  class space    used 8113K, committed 8704K, reserved 1048576K
}
Event: 71.376 GC heap after
{Heap after GC invocations=439 (full 3):
 PSYoungGen      total 4096K, used 288K [0x00000000eab00000, 0x00000000eb000000, 0x0000000100000000)
  eden space 3584K, 0% used [0x00000000eab00000,0x00000000eab00000,0x00000000eae80000)
  from space 512K, 56% used [0x00000000eaf80000,0x00000000eafc8000,0x00000000eb000000)
  to   space 512K, 0% used [0x00000000eaf00000,0x00000000eaf00000,0x00000000eaf80000)
 ParOldGen       total 409088K, used 193497K [0x00000000c0000000, 0x00000000d8f80000, 0x00000000eab00000)
  object space 409088K, 47% used [0x00000000c0000000,0x00000000cbcf64f8,0x00000000d8f80000)
 Metaspace       used 66722K, committed 68096K, reserved 1114112K
  class space    used 8113K, committed 8704K, reserved 1048576K
}
Event: 75.275 GC heap before
{Heap before GC invocations=440 (full 3):
 PSYoungGen      total 4096K, used 3872K [0x00000000eab00000, 0x00000000eb000000, 0x0000000100000000)
  eden space 3584K, 100% used [0x00000000eab00000,0x00000000eae80000,0x00000000eae80000)
  from space 512K, 56% used [0x00000000eaf80000,0x00000000eafc8000,0x00000000eb000000)
  to   space 512K, 0% used [0x00000000eaf00000,0x00000000eaf00000,0x00000000eaf80000)
 ParOldGen       total 409088K, used 193497K [0x00000000c0000000, 0x00000000d8f80000, 0x00000000eab00000)
  object space 409088K, 47% used [0x00000000c0000000,0x00000000cbcf64f8,0x00000000d8f80000)
 Metaspace       used 67260K, committed 68608K, reserved 1114112K
  class space    used 8182K, committed 8768K, reserved 1048576K
}
Event: 75.277 GC heap after
{Heap after GC invocations=440 (full 3):
 PSYoungGen      total 4096K, used 336K [0x00000000eab00000, 0x00000000eb000000, 0x0000000100000000)
  eden space 3584K, 0% used [0x00000000eab00000,0x00000000eab00000,0x00000000eae80000)
  from space 512K, 65% used [0x00000000eaf00000,0x00000000eaf54010,0x00000000eaf80000)
  to   space 512K, 0% used [0x00000000eaf80000,0x00000000eaf80000,0x00000000eb000000)
 ParOldGen       total 409088K, used 193625K [0x00000000c0000000, 0x00000000d8f80000, 0x00000000eab00000)
  object space 409088K, 47% used [0x00000000c0000000,0x00000000cbd16508,0x00000000d8f80000)
 Metaspace       used 67260K, committed 68608K, reserved 1114112K
  class space    used 8182K, committed 8768K, reserved 1048576K
}
Event: 84.996 GC heap before
{Heap before GC invocations=441 (full 3):
 PSYoungGen      total 4096K, used 3920K [0x00000000eab00000, 0x00000000eb000000, 0x0000000100000000)
  eden space 3584K, 100% used [0x00000000eab00000,0x00000000eae80000,0x00000000eae80000)
  from space 512K, 65% used [0x00000000eaf00000,0x00000000eaf54010,0x00000000eaf80000)
  to   space 512K, 0% used [0x00000000eaf80000,0x00000000eaf80000,0x00000000eb000000)
 ParOldGen       total 409088K, used 193625K [0x00000000c0000000, 0x00000000d8f80000, 0x00000000eab00000)
  object space 409088K, 47% used [0x00000000c0000000,0x00000000cbd16508,0x00000000d8f80000)
 Metaspace       used 67481K, committed 68928K, reserved 1114112K
  class space    used 8196K, committed 8832K, reserved 1048576K
}
Event: 84.997 GC heap after
{Heap after GC invocations=441 (full 3):
 PSYoungGen      total 4096K, used 288K [0x00000000eab00000, 0x00000000eb000000, 0x0000000100000000)
  eden space 3584K, 0% used [0x00000000eab00000,0x00000000eab00000,0x00000000eae80000)
  from space 512K, 56% used [0x00000000eaf80000,0x00000000eafc8000,0x00000000eb000000)
  to   space 512K, 0% used [0x00000000eaf00000,0x00000000eaf00000,0x00000000eaf80000)
 ParOldGen       total 409088K, used 193841K [0x00000000c0000000, 0x00000000d8f80000, 0x00000000eab00000)
  object space 409088K, 47% used [0x00000000c0000000,0x00000000cbd4c548,0x00000000d8f80000)
 Metaspace       used 67481K, committed 68928K, reserved 1114112K
  class space    used 8196K, committed 8832K, reserved 1048576K
}
Event: 87.797 GC heap before
{Heap before GC invocations=442 (full 3):
 PSYoungGen      total 4096K, used 3872K [0x00000000eab00000, 0x00000000eb000000, 0x0000000100000000)
  eden space 3584K, 100% used [0x00000000eab00000,0x00000000eae80000,0x00000000eae80000)
  from space 512K, 56% used [0x00000000eaf80000,0x00000000eafc8000,0x00000000eb000000)
  to   space 512K, 0% used [0x00000000eaf00000,0x00000000eaf00000,0x00000000eaf80000)
 ParOldGen       total 409088K, used 193841K [0x00000000c0000000, 0x00000000d8f80000, 0x00000000eab00000)
  object space 409088K, 47% used [0x00000000c0000000,0x00000000cbd4c548,0x00000000d8f80000)
 Metaspace       used 67579K, committed 69056K, reserved 1114112K
  class space    used 8199K, committed 8832K, reserved 1048576K
}
Event: 87.799 GC heap after
{Heap after GC invocations=442 (full 3):
 PSYoungGen      total 4096K, used 224K [0x00000000eab00000, 0x00000000eb000000, 0x0000000100000000)
  eden space 3584K, 0% used [0x00000000eab00000,0x00000000eab00000,0x00000000eae80000)
  from space 512K, 43% used [0x00000000eaf00000,0x00000000eaf38000,0x00000000eaf80000)
  to   space 512K, 0% used [0x00000000eaf80000,0x00000000eaf80000,0x00000000eb000000)
 ParOldGen       total 409088K, used 193937K [0x00000000c0000000, 0x00000000d8f80000, 0x00000000eab00000)
  object space 409088K, 47% used [0x00000000c0000000,0x00000000cbd64548,0x00000000d8f80000)
 Metaspace       used 67579K, committed 69056K, reserved 1114112K
  class space    used 8199K, committed 8832K, reserved 1048576K
}
Event: 88.076 GC heap before
{Heap before GC invocations=443 (full 3):
 PSYoungGen      total 4096K, used 3808K [0x00000000eab00000, 0x00000000eb000000, 0x0000000100000000)
  eden space 3584K, 100% used [0x00000000eab00000,0x00000000eae80000,0x00000000eae80000)
  from space 512K, 43% used [0x00000000eaf00000,0x00000000eaf38000,0x00000000eaf80000)
  to   space 512K, 0% used [0x00000000eaf80000,0x00000000eaf80000,0x00000000eb000000)
 ParOldGen       total 409088K, used 193937K [0x00000000c0000000, 0x00000000d8f80000, 0x00000000eab00000)
  object space 409088K, 47% used [0x00000000c0000000,0x00000000cbd64548,0x00000000d8f80000)
 Metaspace       used 67619K, committed 69056K, reserved 1114112K
  class space    used 8199K, committed 8832K, reserved 1048576K
}
Event: 88.077 GC heap after
{Heap after GC invocations=443 (full 3):
 PSYoungGen      total 4096K, used 224K [0x00000000eab00000, 0x00000000eb000000, 0x0000000100000000)
  eden space 3584K, 0% used [0x00000000eab00000,0x00000000eab00000,0x00000000eae80000)
  from space 512K, 43% used [0x00000000eaf80000,0x00000000eafb8000,0x00000000eb000000)
  to   space 512K, 0% used [0x00000000eaf00000,0x00000000eaf00000,0x00000000eaf80000)
 ParOldGen       total 409088K, used 193993K [0x00000000c0000000, 0x00000000d8f80000, 0x00000000eab00000)
  object space 409088K, 47% used [0x00000000c0000000,0x00000000cbd72548,0x00000000d8f80000)
 Metaspace       used 67619K, committed 69056K, reserved 1114112K
  class space    used 8199K, committed 8832K, reserved 1048576K
}

